# JRE version: OpenJDK Runtime Environment (8.0_252-b09) (build 1.8.0_252-8u252-b09-1ubuntu1-b09)
# Java VM: OpenJDK 64-Bit Server VM (25.252-b09 mixed mode linux-amd64 compressed oops)
Heap:
 par new generation   total 184320K, used 127470K [0x00000000da800000, 0x00000000e7000000, 0x00000000e7000000)
  eden space 163840K,  73% used [0x00000000da800000, 0x00000000e1e421e0, 0x00000000e4800000)
  from space 20480K,  31% used [0x00000000e4800000, 0x00000000e4e39650, 0x00000000e5c00000)
  to   space 20480K,   0% used [0x00000000e5c00000, 0x00000000e5c00000, 0x00000000e7000000)
 concurrent mark-sweep generation total 409600K, used 324337K [0x00000000e7000000, 0x0000000100000000, 0x0000000100000000)
 Metaspace       used 85455K, capacity 93726K, committed 93876K, reserved 1128448K
  class space    used 11835K, capacity 13916K, committed 14016K, reserved 1048576K
GC Heap History (10 events):
Event: 18433,560 GC heap before
{Heap before GC invocations=539 (full 6):
 par new generation   total 184320K, used 170233K [0x00000000da800000, 0x00000000e7000000, 0x00000000e7000000)
  eden space 163840K, 100% used [0x00000000da800000, 0x00000000e4800000, 0x00000000e4800000)
  from space 20480K,  31% used [0x00000000e5c00000, 0x00000000e623e4e8, 0x00000000e7000000)
  to   space 20480K,   0% used [0x00000000e4800000, 0x00000000e4800000, 0x00000000e5c00000)
 concurrent mark-sweep generation total 409600K, used 320951K [0x00000000e7000000, 0x0000000100000000, 0x0000000100000000)
 Metaspace       used 85383K, capacity 93662K, committed 93876K, reserved 1128448K
  class space    used 11828K, capacity 13916K, committed 14016K, reserved 1048576K
Event: 18433,602 GC heap after
Heap after GC invocations=540 (full 6):
 par new generation   total 184320K, used 6533K [0x00000000da800000, 0x00000000e7000000, 0x00000000e7000000)
  eden space 163840K,   0% used [0x00000000da800000, 0x00000000da800000, 0x00000000e4800000)
  from space 20480K,  31% used [0x00000000e4800000, 0x00000000e4e61488, 0x00000000e5c00000)
  to   space 20480K,   0% used [0x00000000e5c00000, 0x00000000e5c00000, 0x00000000e7000000)
 concurrent mark-sweep generation total 409600K, used 321628K [0x00000000e7000000, 0x0000000100000000, 0x0000000100000000)
 Metaspace       used 85383K, capacity 93662K, committed 93876K, reserved 1128448K
  class space    used 11828K, capacity 13916K, committed 14016K, reserved 1048576K
}
Event: 18588,031 GC heap before
{Heap before GC invocations=540 (full 6):
 par new generation   total 184320K, used 170373K [0x00000000da800000, 0x00000000e7000000, 0x00000000e7000000)
  eden space 163840K, 100% used [0x00000000da800000, 0x00000000e4800000, 0x00000000e4800000)
  from space 20480K,  31% used [0x00000000e4800000, 0x00000000e4e61488, 0x00000000e5c00000)
  to   space 20480K,   0% used [0x00000000e5c00000, 0x00000000e5c00000, 0x00000000e7000000)
 concurrent mark-sweep generation total 409600K, used 321628K [0x00000000e7000000, 0x0000000100000000, 0x0000000100000000)
 Metaspace       used 85383K, capacity 93662K, committed 93876K, reserved 1128448K
  class space    used 11828K, capacity 13916K, committed 14016K, reserved 1048576K
Event: 18588,066 GC heap after
Heap after GC invocations=541 (full 6):
 par new generation   total 184320K, used 6098K [0x00000000da800000, 0x00000000e7000000, 0x00000000e7000000)
  eden space 163840K,   0% used [0x00000000da800000, 0x00000000da800000, 0x00000000e4800000)
  from space 20480K,  29% used [0x00000000e5c00000, 0x00000000e61f4970, 0x00000000e7000000)
  to   space 20480K,   0% used [0x00000000e4800000, 0x00000000e4800000, 0x00000000e5c00000)
 concurrent mark-sweep generation total 409600K, used 322308K [0x00000000e7000000, 0x0000000100000000, 0x0000000100000000)
 Metaspace       used 85383K, capacity 93662K, committed 93876K, reserved 1128448K
  class space    used 11828K, capacity 13916K, committed 14016K, reserved 1048576K
}
Event: 18742,760 GC heap before
{Heap before GC invocations=541 (full 6):
 par new generation   total 184320K, used 169938K [0x00000000da800000, 0x00000000e7000000, 0x00000000e7000000)
  eden space 163840K, 100% used [0x00000000da800000, 0x00000000e4800000, 0x00000000e4800000)
  from space 20480K,  29% used [0x00000000e5c00000, 0x00000000e61f4970, 0x00000000e7000000)
  to   space 20480K,   0% used [0x00000000e4800000, 0x00000000e4800000, 0x00000000e5c00000)
 concurrent mark-sweep generation total 409600K, used 322308K [0x00000000e7000000, 0x0000000100000000, 0x0000000100000000)
 Metaspace       used 85386K, capacity 93662K, committed 93876K, reserved 1128448K
  class space    used 11828K, capacity 13916K, committed 14016K, reserved 1048576K
Event: 18742,789 GC heap after
Heap after GC invocations=542 (full 6):
 par new generation   total 184320K, used 6324K [0x00000000da800000, 0x00000000e7000000, 0x00000000e7000000)
  eden space 163840K,   0% used [0x00000000da800000, 0x00000000da800000, 0x00000000e4800000)
  from space 20480K,  30% used [0x00000000e4800000, 0x00000000e4e2d3c0, 0x00000000e5c00000)
  to   space 20480K,   0% used [0x00000000e5c00000, 0x00000000e5c00000, 0x00000000e7000000)
 concurrent mark-sweep generation total 409600K, used 322988K [0x00000000e7000000, 0x0000000100000000, 0x0000000100000000)
 Metaspace       used 85386K, capacity 93662K, committed 93876K, reserved 1128448K
  class space    used 11828K, capacity 13916K, committed 14016K, reserved 1048576K
}
Event: 18897,671 GC heap before
{Heap before GC invocations=542 (full 6):
 par new generation   total 184320K, used 170164K [0x00000000da800000, 0x00000000e7000000, 0x00000000e7000000)
  eden space 163840K, 100% used [0x00000000da800000, 0x00000000e4800000, 0x00000000e4800000)
  from space 20480K,  30% used [0x00000000e4800000, 0x00000000e4e2d3c0, 0x00000000e5c00000)
  to   space 20480K,   0% used [0x00000000e5c00000, 0x00000000e5c00000, 0x00000000e7000000)
 concurrent mark-sweep generation total 409600K, used 322988K [0x00000000e7000000, 0x0000000100000000, 0x0000000100000000)
 Metaspace       used 85386K, capacity 93662K, committed 93876K, reserved 1128448K
  class space    used 11828K, capacity 13916K, committed 14016K, reserved 1048576K
Event: 18897,703 GC heap after
Heap after GC invocations=543 (full 6):
 par new generation   total 184320K, used 6237K [0x00000000da800000, 0x00000000e7000000, 0x00000000e7000000)
  eden space 163840K,   0% used [0x00000000da800000, 0x00000000da800000, 0x00000000e4800000)
  from space 20480K,  30% used [0x00000000e5c00000, 0x00000000e6217550, 0x00000000e7000000)
  to   space 20480K,   0% used [0x00000000e4800000, 0x00000000e4800000, 0x00000000e5c00000)
 concurrent mark-sweep generation total 409600K, used 323668K [0x00000000e7000000, 0x0000000100000000, 0x0000000100000000)
 Metaspace       used 85386K, capacity 93662K, committed 93876K, reserved 1128448K
  class space    used 11828K, capacity 13916K, committed 14016K, reserved 1048576K
}
Event: 19052,743 GC heap before
{Heap before GC invocations=543 (full 6):
 par new generation   total 184320K, used 170077K [0x00000000da800000, 0x00000000e7000000, 0x00000000e7000000)
  eden space 163840K, 100% used [0x00000000da800000, 0x00000000e4800000, 0x00000000e4800000)
  from space 20480K,  30% used [0x00000000e5c00000, 0x00000000e6217550, 0x00000000e7000000)
  to   space 20480K,   0% used [0x00000000e4800000, 0x00000000e4800000, 0x00000000e5c00000)
 concurrent mark-sweep generation total 409600K, used 323668K [0x00000000e7000000, 0x0000000100000000, 0x0000000100000000)
 Metaspace       used 85386K, capacity 93662K, committed 93876K, reserved 1128448K
  class space    used 11828K, capacity 13916K, committed 14016K, reserved 1048576K
Event: 19052,774 GC heap after
Heap after GC invocations=544 (full 6):
 par new generation   total 184320K, used 6373K [0x00000000da800000, 0x00000000e7000000, 0x00000000e7000000)
  eden space 163840K,   0% used [0x00000000da800000, 0x00000000da800000, 0x00000000e4800000)
  from space 20480K,  31% used [0x00000000e4800000, 0x00000000e4e39650, 0x00000000e5c00000)
  to   space 20480K,   0% used [0x00000000e5c00000, 0x00000000e5c00000, 0x00000000e7000000)
 concurrent mark-sweep generation total 409600K, used 324337K [0x00000000e7000000, 0x0000000100000000, 0x0000000100000000)
 Metaspace       used 85386K, capacity 93662K, committed 93876K, reserved 1128448K
  class space    used 11828K, capacity 13916K, committed 14016K, reserved 1048576K
}

