# JRE version: OpenJDK Runtime Environment (8.0_252-b09) (build 1.8.0_252-8u252-b09-1ubuntu1-b09)
# Java VM: OpenJDK 64-Bit Server VM (25.252-b09 mixed mode linux-amd64 compressed oops)
Heap:
 PSYoungGen      total 278016K, used 101762K [0x00000000eb300000, 0x0000000100000000, 0x0000000100000000)
  eden space 216064K, 22% used [0x00000000eb300000,0x00000000ee20c550,0x00000000f8600000)
  from space 61952K, 86% used [0x00000000fc380000,0x00000000ff7d4470,0x0000000100000000)
  to   space 62464K, 0% used [0x00000000f8600000,0x00000000f8600000,0x00000000fc300000)
 ParOldGen       total 683008K, used 255837K [0x00000000c1800000, 0x00000000eb300000, 0x00000000eb300000)
  object space 683008K, 37% used [0x00000000c1800000,0x00000000d11d7620,0x00000000eb300000)
 Metaspace       used 77048K, capacity 82595K, committed 82776K, reserved 1120256K
  class space    used 10279K, capacity 11770K, committed 11864K, reserved 1048576K
GC Heap History (10 events):
Event: 32077,197 GC heap before
{Heap before GC invocations=129 (full 3):
 PSYoungGen      total 281088K, used 270672K [0x00000000eb300000, 0x0000000100000000, 0x0000000100000000)
  eden space 221696K, 100% used [0x00000000eb300000,0x00000000f8b80000,0x00000000f8b80000)
  from space 59392K, 82% used [0x00000000f8b80000,0x00000000fbb54230,0x00000000fc580000)
  to   space 59392K, 0% used [0x00000000fc600000,0x00000000fc600000,0x0000000100000000)
 ParOldGen       total 683008K, used 241469K [0x00000000c1800000, 0x00000000eb300000, 0x00000000eb300000)
  object space 683008K, 35% used [0x00000000c1800000,0x00000000d03cf620,0x00000000eb300000)
 Metaspace       used 74471K, capacity 79842K, committed 79960K, reserved 1118208K
  class space    used 9863K, capacity 11273K, committed 11352K, reserved 1048576K
Event: 32077,430 GC heap after
Heap after GC invocations=129 (full 3):
 PSYoungGen      total 280576K, used 50129K [0x00000000eb300000, 0x0000000100000000, 0x0000000100000000)
  eden space 221184K, 0% used [0x00000000eb300000,0x00000000eb300000,0x00000000f8b00000)
  from space 59392K, 84% used [0x00000000fc600000,0x00000000ff6f4470,0x0000000100000000)
  to   space 59904K, 0% used [0x00000000f8b00000,0x00000000f8b00000,0x00000000fc580000)
 ParOldGen       total 683008K, used 244149K [0x00000000c1800000, 0x00000000eb300000, 0x00000000eb300000)
  object space 683008K, 35% used [0x00000000c1800000,0x00000000d066d620,0x00000000eb300000)
 Metaspace       used 74471K, capacity 79842K, committed 79960K, reserved 1118208K
  class space    used 9863K, capacity 11273K, committed 11352K, reserved 1048576K
}
Event: 32923,722 GC heap before
{Heap before GC invocations=130 (full 3):
 PSYoungGen      total 280576K, used 271313K [0x00000000eb300000, 0x0000000100000000, 0x0000000100000000)
  eden space 221184K, 100% used [0x00000000eb300000,0x00000000f8b00000,0x00000000f8b00000)
  from space 59392K, 84% used [0x00000000fc600000,0x00000000ff6f4470,0x0000000100000000)
  to   space 59904K, 0% used [0x00000000f8b00000,0x00000000f8b00000,0x00000000fc580000)
 ParOldGen       total 683008K, used 244149K [0x00000000c1800000, 0x00000000eb300000, 0x00000000eb300000)
  object space 683008K, 35% used [0x00000000c1800000,0x00000000d066d620,0x00000000eb300000)
 Metaspace       used 74474K, capacity 79842K, committed 79960K, reserved 1118208K
  class space    used 9863K, capacity 11273K, committed 11352K, reserved 1048576K
Event: 32923,887 GC heap after
Heap after GC invocations=130 (full 3):
 PSYoungGen      total 272384K, used 51184K [0x00000000eb300000, 0x0000000100000000, 0x0000000100000000)
  eden space 221184K, 0% used [0x00000000eb300000,0x00000000eb300000,0x00000000f8b00000)
  from space 51200K, 99% used [0x00000000f8b00000,0x00000000fbcfc230,0x00000000fbd00000)
  to   space 60416K, 0% used [0x00000000fc500000,0x00000000fc500000,0x0000000100000000)
 ParOldGen       total 683008K, used 246853K [0x00000000c1800000, 0x00000000eb300000, 0x00000000eb300000)
  object space 683008K, 36% used [0x00000000c1800000,0x00000000d0911620,0x00000000eb300000)
 Metaspace       used 74474K, capacity 79842K, committed 79960K, reserved 1118208K
  class space    used 9863K, capacity 11273K, committed 11352K, reserved 1048576K
}
Event: 33770,847 GC heap before
{Heap before GC invocations=131 (full 3):
 PSYoungGen      total 272384K, used 272368K [0x00000000eb300000, 0x0000000100000000, 0x0000000100000000)
  eden space 221184K, 100% used [0x00000000eb300000,0x00000000f8b00000,0x00000000f8b00000)
  from space 51200K, 99% used [0x00000000f8b00000,0x00000000fbcfc230,0x00000000fbd00000)
  to   space 60416K, 0% used [0x00000000fc500000,0x00000000fc500000,0x0000000100000000)
 ParOldGen       total 683008K, used 246853K [0x00000000c1800000, 0x00000000eb300000, 0x00000000eb300000)
  object space 683008K, 36% used [0x00000000c1800000,0x00000000d0911620,0x00000000eb300000)
 Metaspace       used 74501K, capacity 79906K, committed 80216K, reserved 1118208K
  class space    used 9863K, capacity 11273K, committed 11352K, reserved 1048576K
Event: 33771,019 GC heap after
Heap after GC invocations=131 (full 3):
 PSYoungGen      total 279552K, used 52113K [0x00000000eb300000, 0x0000000100000000, 0x0000000100000000)
  eden space 219136K, 0% used [0x00000000eb300000,0x00000000eb300000,0x00000000f8900000)
  from space 60416K, 86% used [0x00000000fc500000,0x00000000ff7e4470,0x0000000100000000)
  to   space 60928K, 0% used [0x00000000f8900000,0x00000000f8900000,0x00000000fc480000)
 ParOldGen       total 683008K, used 249757K [0x00000000c1800000, 0x00000000eb300000, 0x00000000eb300000)
  object space 683008K, 36% used [0x00000000c1800000,0x00000000d0be7620,0x00000000eb300000)
 Metaspace       used 74501K, capacity 79906K, committed 80216K, reserved 1118208K
  class space    used 9863K, capacity 11273K, committed 11352K, reserved 1048576K
}
Event: 34609,597 GC heap before
{Heap before GC invocations=132 (full 3):
 PSYoungGen      total 279552K, used 271249K [0x00000000eb300000, 0x0000000100000000, 0x0000000100000000)
  eden space 219136K, 100% used [0x00000000eb300000,0x00000000f8900000,0x00000000f8900000)
  from space 60416K, 86% used [0x00000000fc500000,0x00000000ff7e4470,0x0000000100000000)
  to   space 60928K, 0% used [0x00000000f8900000,0x00000000f8900000,0x00000000fc480000)
 ParOldGen       total 683008K, used 249757K [0x00000000c1800000, 0x00000000eb300000, 0x00000000eb300000)
  object space 683008K, 36% used [0x00000000c1800000,0x00000000d0be7620,0x00000000eb300000)
 Metaspace       used 74519K, capacity 79906K, committed 80216K, reserved 1118208K
  class space    used 9863K, capacity 11273K, committed 11352K, reserved 1048576K
Event: 34609,846 GC heap after
Heap after GC invocations=132 (full 3):
 PSYoungGen      total 272384K, used 52944K [0x00000000eb300000, 0x0000000100000000, 0x0000000100000000)
  eden space 219136K, 0% used [0x00000000eb300000,0x00000000eb300000,0x00000000f8900000)
  from space 53248K, 99% used [0x00000000f8900000,0x00000000fbcb4230,0x00000000fbd00000)
  to   space 61952K, 0% used [0x00000000fc380000,0x00000000fc380000,0x0000000100000000)
 ParOldGen       total 683008K, used 252677K [0x00000000c1800000, 0x00000000eb300000, 0x00000000eb300000)
  object space 683008K, 36% used [0x00000000c1800000,0x00000000d0ec1620,0x00000000eb300000)
 Metaspace       used 74519K, capacity 79906K, committed 80216K, reserved 1118208K
  class space    used 9863K, capacity 11273K, committed 11352K, reserved 1048576K
}
Event: 35448,647 GC heap before
{Heap before GC invocations=133 (full 3):
 PSYoungGen      total 272384K, used 272080K [0x00000000eb300000, 0x0000000100000000, 0x0000000100000000)
  eden space 219136K, 100% used [0x00000000eb300000,0x00000000f8900000,0x00000000f8900000)
  from space 53248K, 99% used [0x00000000f8900000,0x00000000fbcb4230,0x00000000fbd00000)
  to   space 61952K, 0% used [0x00000000fc380000,0x00000000fc380000,0x0000000100000000)
 ParOldGen       total 683008K, used 252677K [0x00000000c1800000, 0x00000000eb300000, 0x00000000eb300000)
  object space 683008K, 36% used [0x00000000c1800000,0x00000000d0ec1620,0x00000000eb300000)
 Metaspace       used 74525K, capacity 79906K, committed 80216K, reserved 1118208K
  class space    used 9863K, capacity 11273K, committed 11352K, reserved 1048576K
Event: 35448,913 GC heap after
Heap after GC invocations=133 (full 3):
 PSYoungGen      total 278016K, used 53585K [0x00000000eb300000, 0x0000000100000000, 0x0000000100000000)
  eden space 216064K, 0% used [0x00000000eb300000,0x00000000eb300000,0x00000000f8600000)
  from space 61952K, 86% used [0x00000000fc380000,0x00000000ff7d4470,0x0000000100000000)
  to   space 62464K, 0% used [0x00000000f8600000,0x00000000f8600000,0x00000000fc300000)
 ParOldGen       total 683008K, used 255837K [0x00000000c1800000, 0x00000000eb300000, 0x00000000eb300000)
  object space 683008K, 37% used [0x00000000c1800000,0x00000000d11d7620,0x00000000eb300000)
 Metaspace       used 74525K, capacity 79906K, committed 80216K, reserved 1118208K
  class space    used 9863K, capacity 11273K, committed 11352K, reserved 1048576K
}

